<?xml version="1.0" encoding="UTF-8"?>
<!-- Generated by org.testng.reporters.JUnitXMLReporter -->
<testsuite ignored="1" hostname="suharika" failures="1" tests="2" name="1(failed)(failed)" time="0.202" errors="0" timestamp="2024-01-26T07:50:30 IST">
  <testcase classname="selenium6.NewTestwithfailandskipped" name="f1" time="0.052">
    <failure type="java.lang.AssertionError" message="expected [false] but found [true]">
      <![CDATA[java.lang.AssertionError: expected [false] but found [true]
at selenium6.NewTestwithfailandskipped.f1(NewTestwithfailandskipped.java:22)
at java.base/java.util.ArrayList.forEach(ArrayList.java:1511)
... Removed 34 stack frames]]>
    </failure>
  </testcase> <!-- f1 -->
  <testcase classname="selenium6.NewTestwithfailandskipped" name="f2" time="0.001">
    <skipped/>
  </testcase> <!-- f2 -->
  <testcase classname="selenium6.NewTestwithfailandskipped" name="f" time="0.0">
    <ignored/>
  </testcase> <!-- f -->
</testsuite> <!-- 1(failed)(failed) -->
